<?xml version="1.0" encoding="UTF-8"?>
<testsuite xmlns:xsi="http://www.w3.org/2001/XMLSchema-instance" xsi:noNamespaceSchemaLocation="https://maven.apache.org/surefire/maven-surefire-plugin/xsd/surefire-test-report.xsd" name="com.yjq.programmer.AppTest" time="0.037" tests="1" errors="0" skipped="0" failures="0">
  <properties>
    <property name="sun.desktop" value="windows"/>
    <property name="awt.toolkit" value="sun.awt.windows.WToolkit"/>
    <property name="file.encoding.pkg" value="sun.io"/>
    <property name="java.specification.version" value="1.8"/>
    <property name="sun.cpu.isalist" value="amd64"/>
    <property name="sun.jnu.encoding" value="GBK"/>
    <property name="java.class.path" value="D:\asus\GitHubFile\HospitalManageSystem\server\target\test-classes;D:\asus\GitHubFile\HospitalManageSystem\server\target\classes;D:\111sheji\idea2017\tools\repository\org\springframework\boot\spring-boot-starter-web\2.2.1.RELEASE\spring-boot-starter-web-2.2.1.RELEASE.jar;D:\111sheji\idea2017\tools\repository\org\springframework\boot\spring-boot-starter\2.2.1.RELEASE\spring-boot-starter-2.2.1.RELEASE.jar;D:\111sheji\idea2017\tools\repository\org\springframework\boot\spring-boot-starter-logging\2.2.1.RELEASE\spring-boot-starter-logging-2.2.1.RELEASE.jar;D:\111sheji\idea2017\tools\repository\ch\qos\logback\logback-classic\1.2.3\logback-classic-1.2.3.jar;D:\111sheji\idea2017\tools\repository\ch\qos\logback\logback-core\1.2.3\logback-core-1.2.3.jar;D:\111sheji\idea2017\tools\repository\org\apache\logging\log4j\log4j-to-slf4j\2.12.1\log4j-to-slf4j-2.12.1.jar;D:\111sheji\idea2017\tools\repository\org\apache\logging\log4j\log4j-api\2.12.1\log4j-api-2.12.1.jar;D:\111sheji\idea2017\tools\repository\org\slf4j\jul-to-slf4j\1.7.29\jul-to-slf4j-1.7.29.jar;D:\111sheji\idea2017\tools\repository\jakarta\annotation\jakarta.annotation-api\1.3.5\jakarta.annotation-api-1.3.5.jar;D:\111sheji\idea2017\tools\repository\org\springframework\spring-core\5.2.1.RELEASE\spring-core-5.2.1.RELEASE.jar;D:\111sheji\idea2017\tools\repository\org\springframework\spring-jcl\5.2.1.RELEASE\spring-jcl-5.2.1.RELEASE.jar;D:\111sheji\idea2017\tools\repository\org\yaml\snakeyaml\1.25\snakeyaml-1.25.jar;D:\111sheji\idea2017\tools\repository\org\springframework\boot\spring-boot-starter-json\2.2.1.RELEASE\spring-boot-starter-json-2.2.1.RELEASE.jar;D:\111sheji\idea2017\tools\repository\com\fasterxml\jackson\core\jackson-databind\2.10.0\jackson-databind-2.10.0.jar;D:\111sheji\idea2017\tools\repository\com\fasterxml\jackson\core\jackson-annotations\2.10.0\jackson-annotations-2.10.0.jar;D:\111sheji\idea2017\tools\repository\com\fasterxml\jackson\core\jackson-core\2.10.0\jackson-core-2.10.0.jar;D:\111sheji\idea2017\tools\repository\com\fasterxml\jackson\datatype\jackson-datatype-jdk8\2.10.0\jackson-datatype-jdk8-2.10.0.jar;D:\111sheji\idea2017\tools\repository\com\fasterxml\jackson\datatype\jackson-datatype-jsr310\2.10.0\jackson-datatype-jsr310-2.10.0.jar;D:\111sheji\idea2017\tools\repository\com\fasterxml\jackson\module\jackson-module-parameter-names\2.10.0\jackson-module-parameter-names-2.10.0.jar;D:\111sheji\idea2017\tools\repository\org\springframework\boot\spring-boot-starter-tomcat\2.2.1.RELEASE\spring-boot-starter-tomcat-2.2.1.RELEASE.jar;D:\111sheji\idea2017\tools\repository\org\apache\tomcat\embed\tomcat-embed-core\9.0.27\tomcat-embed-core-9.0.27.jar;D:\111sheji\idea2017\tools\repository\org\apache\tomcat\embed\tomcat-embed-el\9.0.27\tomcat-embed-el-9.0.27.jar;D:\111sheji\idea2017\tools\repository\org\apache\tomcat\embed\tomcat-embed-websocket\9.0.27\tomcat-embed-websocket-9.0.27.jar;D:\111sheji\idea2017\tools\repository\org\springframework\boot\spring-boot-starter-validation\2.2.1.RELEASE\spring-boot-starter-validation-2.2.1.RELEASE.jar;D:\111sheji\idea2017\tools\repository\jakarta\validation\jakarta.validation-api\2.0.1\jakarta.validation-api-2.0.1.jar;D:\111sheji\idea2017\tools\repository\org\hibernate\validator\hibernate-validator\6.0.18.Final\hibernate-validator-6.0.18.Final.jar;D:\111sheji\idea2017\tools\repository\org\jboss\logging\jboss-logging\3.4.1.Final\jboss-logging-3.4.1.Final.jar;D:\111sheji\idea2017\tools\repository\com\fasterxml\classmate\1.5.1\classmate-1.5.1.jar;D:\111sheji\idea2017\tools\repository\org\springframework\spring-web\5.2.1.RELEASE\spring-web-5.2.1.RELEASE.jar;D:\111sheji\idea2017\tools\repository\org\springframework\spring-beans\5.2.1.RELEASE\spring-beans-5.2.1.RELEASE.jar;D:\111sheji\idea2017\tools\repository\org\springframework\spring-webmvc\5.2.1.RELEASE\spring-webmvc-5.2.1.RELEASE.jar;D:\111sheji\idea2017\tools\repository\org\springframework\spring-aop\5.2.1.RELEASE\spring-aop-5.2.1.RELEASE.jar;D:\111sheji\idea2017\tools\repository\org\springframework\spring-context\5.2.1.RELEASE\spring-context-5.2.1.RELEASE.jar;D:\111sheji\idea2017\tools\repository\org\springframework\spring-expression\5.2.1.RELEASE\spring-expression-5.2.1.RELEASE.jar;D:\111sheji\idea2017\tools\repository\mysql\mysql-connector-java\5.1.6\mysql-connector-java-5.1.6.jar;D:\111sheji\idea2017\tools\repository\com\alibaba\druid\1.1.19\druid-1.1.19.jar;D:\111sheji\idea2017\tools\repository\org\springframework\boot\spring-boot-devtools\2.0.4.RELEASE\spring-boot-devtools-2.0.4.RELEASE.jar;D:\111sheji\idea2017\tools\repository\org\springframework\boot\spring-boot\2.2.1.RELEASE\spring-boot-2.2.1.RELEASE.jar;D:\111sheji\idea2017\tools\repository\org\springframework\boot\spring-boot-autoconfigure\2.2.1.RELEASE\spring-boot-autoconfigure-2.2.1.RELEASE.jar;D:\111sheji\idea2017\tools\repository\com\alibaba\fastjson\1.2.31\fastjson-1.2.31.jar;D:\111sheji\idea2017\tools\repository\com\github\pagehelper\pagehelper-spring-boot-starter\1.2.13\pagehelper-spring-boot-starter-1.2.13.jar;D:\111sheji\idea2017\tools\repository\com\github\pagehelper\pagehelper-spring-boot-autoconfigure\1.2.13\pagehelper-spring-boot-autoconfigure-1.2.13.jar;D:\111sheji\idea2017\tools\repository\com\github\pagehelper\pagehelper\5.1.11\pagehelper-5.1.11.jar;D:\111sheji\idea2017\tools\repository\com\github\jsqlparser\jsqlparser\2.0\jsqlparser-2.0.jar;D:\111sheji\idea2017\tools\repository\org\mybatis\spring\boot\mybatis-spring-boot-starter\1.3.2\mybatis-spring-boot-starter-1.3.2.jar;D:\111sheji\idea2017\tools\repository\org\springframework\boot\spring-boot-starter-jdbc\2.2.1.RELEASE\spring-boot-starter-jdbc-2.2.1.RELEASE.jar;D:\111sheji\idea2017\tools\repository\com\zaxxer\HikariCP\3.4.1\HikariCP-3.4.1.jar;D:\111sheji\idea2017\tools\repository\org\springframework\spring-jdbc\5.2.1.RELEASE\spring-jdbc-5.2.1.RELEASE.jar;D:\111sheji\idea2017\tools\repository\org\mybatis\spring\boot\mybatis-spring-boot-autoconfigure\1.3.2\mybatis-spring-boot-autoconfigure-1.3.2.jar;D:\111sheji\idea2017\tools\repository\org\mybatis\mybatis\3.4.6\mybatis-3.4.6.jar;D:\111sheji\idea2017\tools\repository\org\mybatis\mybatis-spring\1.3.2\mybatis-spring-1.3.2.jar;D:\111sheji\idea2017\tools\repository\junit\junit\4.12\junit-4.12.jar;D:\111sheji\idea2017\tools\repository\org\hamcrest\hamcrest-core\2.1\hamcrest-core-2.1.jar;D:\111sheji\idea2017\tools\repository\org\hamcrest\hamcrest\2.1\hamcrest-2.1.jar;D:\111sheji\idea2017\tools\repository\org\springframework\boot\spring-boot-starter-data-redis\2.2.1.RELEASE\spring-boot-starter-data-redis-2.2.1.RELEASE.jar;D:\111sheji\idea2017\tools\repository\org\springframework\data\spring-data-redis\2.2.1.RELEASE\spring-data-redis-2.2.1.RELEASE.jar;D:\111sheji\idea2017\tools\repository\org\springframework\data\spring-data-keyvalue\2.2.1.RELEASE\spring-data-keyvalue-2.2.1.RELEASE.jar;D:\111sheji\idea2017\tools\repository\org\springframework\data\spring-data-commons\2.2.1.RELEASE\spring-data-commons-2.2.1.RELEASE.jar;D:\111sheji\idea2017\tools\repository\org\springframework\spring-tx\5.2.1.RELEASE\spring-tx-5.2.1.RELEASE.jar;D:\111sheji\idea2017\tools\repository\org\springframework\spring-oxm\5.2.1.RELEASE\spring-oxm-5.2.1.RELEASE.jar;D:\111sheji\idea2017\tools\repository\org\springframework\spring-context-support\5.2.1.RELEASE\spring-context-support-5.2.1.RELEASE.jar;D:\111sheji\idea2017\tools\repository\org\slf4j\slf4j-api\1.7.29\slf4j-api-1.7.29.jar;D:\111sheji\idea2017\tools\repository\io\lettuce\lettuce-core\5.2.1.RELEASE\lettuce-core-5.2.1.RELEASE.jar;D:\111sheji\idea2017\tools\repository\io\netty\netty-common\4.1.43.Final\netty-common-4.1.43.Final.jar;D:\111sheji\idea2017\tools\repository\io\netty\netty-handler\4.1.43.Final\netty-handler-4.1.43.Final.jar;D:\111sheji\idea2017\tools\repository\io\netty\netty-buffer\4.1.43.Final\netty-buffer-4.1.43.Final.jar;D:\111sheji\idea2017\tools\repository\io\netty\netty-codec\4.1.43.Final\netty-codec-4.1.43.Final.jar;D:\111sheji\idea2017\tools\repository\io\netty\netty-transport\4.1.43.Final\netty-transport-4.1.43.Final.jar;D:\111sheji\idea2017\tools\repository\io\netty\netty-resolver\4.1.43.Final\netty-resolver-4.1.43.Final.jar;D:\111sheji\idea2017\tools\repository\io\projectreactor\reactor-core\3.3.0.RELEASE\reactor-core-3.3.0.RELEASE.jar;D:\111sheji\idea2017\tools\repository\org\reactivestreams\reactive-streams\1.0.3\reactive-streams-1.0.3.jar;D:\111sheji\idea2017\tools\repository\org\mybatis\generator\mybatis-generator-maven-plugin\1.3.7\mybatis-generator-maven-plugin-1.3.7.jar;D:\111sheji\idea2017\tools\repository\org\apache\maven\maven-plugin-api\3.5.4\maven-plugin-api-3.5.4.jar;D:\111sheji\idea2017\tools\repository\org\apache\maven\maven-model\3.5.4\maven-model-3.5.4.jar;D:\111sheji\idea2017\tools\repository\org\apache\commons\commons-lang3\3.9\commons-lang3-3.9.jar;D:\111sheji\idea2017\tools\repository\org\apache\maven\maven-artifact\3.5.4\maven-artifact-3.5.4.jar;D:\111sheji\idea2017\tools\repository\org\eclipse\sisu\org.eclipse.sisu.plexus\0.3.3\org.eclipse.sisu.plexus-0.3.3.jar;D:\111sheji\idea2017\tools\repository\javax\enterprise\cdi-api\1.0\cdi-api-1.0.jar;D:\111sheji\idea2017\tools\repository\javax\annotation\jsr250-api\1.0\jsr250-api-1.0.jar;D:\111sheji\idea2017\tools\repository\javax\inject\javax.inject\1\javax.inject-1.jar;D:\111sheji\idea2017\tools\repository\org\eclipse\sisu\org.eclipse.sisu.inject\0.3.3\org.eclipse.sisu.inject-0.3.3.jar;D:\111sheji\idea2017\tools\repository\org\codehaus\plexus\plexus-component-annotations\1.5.5\plexus-component-annotations-1.5.5.jar;D:\111sheji\idea2017\tools\repository\org\codehaus\plexus\plexus-utils\3.1.0\plexus-utils-3.1.0.jar;D:\111sheji\idea2017\tools\repository\org\codehaus\plexus\plexus-classworlds\2.5.2\plexus-classworlds-2.5.2.jar;D:\111sheji\idea2017\tools\repository\org\mybatis\generator\mybatis-generator-core\1.3.7\mybatis-generator-core-1.3.7.jar;"/>
    <property name="java.vm.vendor" value="Oracle Corporation"/>
    <property name="sun.arch.data.model" value="64"/>
    <property name="user.variant" value=""/>
    <property name="java.vendor.url" value="http://java.oracle.com/"/>
    <property name="user.timezone" value="Asia/Shanghai"/>
    <property name="java.vm.specification.version" value="1.8"/>
    <property name="os.name" value="Windows 10"/>
    <property name="user.country" value="CN"/>
    <property name="sun.java.launcher" value="SUN_STANDARD"/>
    <property name="sun.boot.library.path" value="C:\Program Files\Java\jdk1.8.0_211\jre\bin"/>
    <property name="sun.java.command" value="C:\Users\asus\AppData\Local\Temp\surefire1203938510790788150\surefirebooter8461761246991081525.jar C:\Users\asus\AppData\Local\Temp\surefire1203938510790788150 2022-11-15T21-05-46_165-jvmRun1 surefire2910723893341527259tmp surefire_01619936372125816424tmp"/>
    <property name="surefire.test.class.path" value="D:\asus\GitHubFile\HospitalManageSystem\server\target\test-classes;D:\asus\GitHubFile\HospitalManageSystem\server\target\classes;D:\111sheji\idea2017\tools\repository\org\springframework\boot\spring-boot-starter-web\2.2.1.RELEASE\spring-boot-starter-web-2.2.1.RELEASE.jar;D:\111sheji\idea2017\tools\repository\org\springframework\boot\spring-boot-starter\2.2.1.RELEASE\spring-boot-starter-2.2.1.RELEASE.jar;D:\111sheji\idea2017\tools\repository\org\springframework\boot\spring-boot-starter-logging\2.2.1.RELEASE\spring-boot-starter-logging-2.2.1.RELEASE.jar;D:\111sheji\idea2017\tools\repository\ch\qos\logback\logback-classic\1.2.3\logback-classic-1.2.3.jar;D:\111sheji\idea2017\tools\repository\ch\qos\logback\logback-core\1.2.3\logback-core-1.2.3.jar;D:\111sheji\idea2017\tools\repository\org\apache\logging\log4j\log4j-to-slf4j\2.12.1\log4j-to-slf4j-2.12.1.jar;D:\111sheji\idea2017\tools\repository\org\apache\logging\log4j\log4j-api\2.12.1\log4j-api-2.12.1.jar;D:\111sheji\idea2017\tools\repository\org\slf4j\jul-to-slf4j\1.7.29\jul-to-slf4j-1.7.29.jar;D:\111sheji\idea2017\tools\repository\jakarta\annotation\jakarta.annotation-api\1.3.5\jakarta.annotation-api-1.3.5.jar;D:\111sheji\idea2017\tools\repository\org\springframework\spring-core\5.2.1.RELEASE\spring-core-5.2.1.RELEASE.jar;D:\111sheji\idea2017\tools\repository\org\springframework\spring-jcl\5.2.1.RELEASE\spring-jcl-5.2.1.RELEASE.jar;D:\111sheji\idea2017\tools\repository\org\yaml\snakeyaml\1.25\snakeyaml-1.25.jar;D:\111sheji\idea2017\tools\repository\org\springframework\boot\spring-boot-starter-json\2.2.1.RELEASE\spring-boot-starter-json-2.2.1.RELEASE.jar;D:\111sheji\idea2017\tools\repository\com\fasterxml\jackson\core\jackson-databind\2.10.0\jackson-databind-2.10.0.jar;D:\111sheji\idea2017\tools\repository\com\fasterxml\jackson\core\jackson-annotations\2.10.0\jackson-annotations-2.10.0.jar;D:\111sheji\idea2017\tools\repository\com\fasterxml\jackson\core\jackson-core\2.10.0\jackson-core-2.10.0.jar;D:\111sheji\idea2017\tools\repository\com\fasterxml\jackson\datatype\jackson-datatype-jdk8\2.10.0\jackson-datatype-jdk8-2.10.0.jar;D:\111sheji\idea2017\tools\repository\com\fasterxml\jackson\datatype\jackson-datatype-jsr310\2.10.0\jackson-datatype-jsr310-2.10.0.jar;D:\111sheji\idea2017\tools\repository\com\fasterxml\jackson\module\jackson-module-parameter-names\2.10.0\jackson-module-parameter-names-2.10.0.jar;D:\111sheji\idea2017\tools\repository\org\springframework\boot\spring-boot-starter-tomcat\2.2.1.RELEASE\spring-boot-starter-tomcat-2.2.1.RELEASE.jar;D:\111sheji\idea2017\tools\repository\org\apache\tomcat\embed\tomcat-embed-core\9.0.27\tomcat-embed-core-9.0.27.jar;D:\111sheji\idea2017\tools\repository\org\apache\tomcat\embed\tomcat-embed-el\9.0.27\tomcat-embed-el-9.0.27.jar;D:\111sheji\idea2017\tools\repository\org\apache\tomcat\embed\tomcat-embed-websocket\9.0.27\tomcat-embed-websocket-9.0.27.jar;D:\111sheji\idea2017\tools\repository\org\springframework\boot\spring-boot-starter-validation\2.2.1.RELEASE\spring-boot-starter-validation-2.2.1.RELEASE.jar;D:\111sheji\idea2017\tools\repository\jakarta\validation\jakarta.validation-api\2.0.1\jakarta.validation-api-2.0.1.jar;D:\111sheji\idea2017\tools\repository\org\hibernate\validator\hibernate-validator\6.0.18.Final\hibernate-validator-6.0.18.Final.jar;D:\111sheji\idea2017\tools\repository\org\jboss\logging\jboss-logging\3.4.1.Final\jboss-logging-3.4.1.Final.jar;D:\111sheji\idea2017\tools\repository\com\fasterxml\classmate\1.5.1\classmate-1.5.1.jar;D:\111sheji\idea2017\tools\repository\org\springframework\spring-web\5.2.1.RELEASE\spring-web-5.2.1.RELEASE.jar;D:\111sheji\idea2017\tools\repository\org\springframework\spring-beans\5.2.1.RELEASE\spring-beans-5.2.1.RELEASE.jar;D:\111sheji\idea2017\tools\repository\org\springframework\spring-webmvc\5.2.1.RELEASE\spring-webmvc-5.2.1.RELEASE.jar;D:\111sheji\idea2017\tools\repository\org\springframework\spring-aop\5.2.1.RELEASE\spring-aop-5.2.1.RELEASE.jar;D:\111sheji\idea2017\tools\repository\org\springframework\spring-context\5.2.1.RELEASE\spring-context-5.2.1.RELEASE.jar;D:\111sheji\idea2017\tools\repository\org\springframework\spring-expression\5.2.1.RELEASE\spring-expression-5.2.1.RELEASE.jar;D:\111sheji\idea2017\tools\repository\mysql\mysql-connector-java\5.1.6\mysql-connector-java-5.1.6.jar;D:\111sheji\idea2017\tools\repository\com\alibaba\druid\1.1.19\druid-1.1.19.jar;D:\111sheji\idea2017\tools\repository\org\springframework\boot\spring-boot-devtools\2.0.4.RELEASE\spring-boot-devtools-2.0.4.RELEASE.jar;D:\111sheji\idea2017\tools\repository\org\springframework\boot\spring-boot\2.2.1.RELEASE\spring-boot-2.2.1.RELEASE.jar;D:\111sheji\idea2017\tools\repository\org\springframework\boot\spring-boot-autoconfigure\2.2.1.RELEASE\spring-boot-autoconfigure-2.2.1.RELEASE.jar;D:\111sheji\idea2017\tools\repository\com\alibaba\fastjson\1.2.31\fastjson-1.2.31.jar;D:\111sheji\idea2017\tools\repository\com\github\pagehelper\pagehelper-spring-boot-starter\1.2.13\pagehelper-spring-boot-starter-1.2.13.jar;D:\111sheji\idea2017\tools\repository\com\github\pagehelper\pagehelper-spring-boot-autoconfigure\1.2.13\pagehelper-spring-boot-autoconfigure-1.2.13.jar;D:\111sheji\idea2017\tools\repository\com\github\pagehelper\pagehelper\5.1.11\pagehelper-5.1.11.jar;D:\111sheji\idea2017\tools\repository\com\github\jsqlparser\jsqlparser\2.0\jsqlparser-2.0.jar;D:\111sheji\idea2017\tools\repository\org\mybatis\spring\boot\mybatis-spring-boot-starter\1.3.2\mybatis-spring-boot-starter-1.3.2.jar;D:\111sheji\idea2017\tools\repository\org\springframework\boot\spring-boot-starter-jdbc\2.2.1.RELEASE\spring-boot-starter-jdbc-2.2.1.RELEASE.jar;D:\111sheji\idea2017\tools\repository\com\zaxxer\HikariCP\3.4.1\HikariCP-3.4.1.jar;D:\111sheji\idea2017\tools\repository\org\springframework\spring-jdbc\5.2.1.RELEASE\spring-jdbc-5.2.1.RELEASE.jar;D:\111sheji\idea2017\tools\repository\org\mybatis\spring\boot\mybatis-spring-boot-autoconfigure\1.3.2\mybatis-spring-boot-autoconfigure-1.3.2.jar;D:\111sheji\idea2017\tools\repository\org\mybatis\mybatis\3.4.6\mybatis-3.4.6.jar;D:\111sheji\idea2017\tools\repository\org\mybatis\mybatis-spring\1.3.2\mybatis-spring-1.3.2.jar;D:\111sheji\idea2017\tools\repository\junit\junit\4.12\junit-4.12.jar;D:\111sheji\idea2017\tools\repository\org\hamcrest\hamcrest-core\2.1\hamcrest-core-2.1.jar;D:\111sheji\idea2017\tools\repository\org\hamcrest\hamcrest\2.1\hamcrest-2.1.jar;D:\111sheji\idea2017\tools\repository\org\springframework\boot\spring-boot-starter-data-redis\2.2.1.RELEASE\spring-boot-starter-data-redis-2.2.1.RELEASE.jar;D:\111sheji\idea2017\tools\repository\org\springframework\data\spring-data-redis\2.2.1.RELEASE\spring-data-redis-2.2.1.RELEASE.jar;D:\111sheji\idea2017\tools\repository\org\springframework\data\spring-data-keyvalue\2.2.1.RELEASE\spring-data-keyvalue-2.2.1.RELEASE.jar;D:\111sheji\idea2017\tools\repository\org\springframework\data\spring-data-commons\2.2.1.RELEASE\spring-data-commons-2.2.1.RELEASE.jar;D:\111sheji\idea2017\tools\repository\org\springframework\spring-tx\5.2.1.RELEASE\spring-tx-5.2.1.RELEASE.jar;D:\111sheji\idea2017\tools\repository\org\springframework\spring-oxm\5.2.1.RELEASE\spring-oxm-5.2.1.RELEASE.jar;D:\111sheji\idea2017\tools\repository\org\springframework\spring-context-support\5.2.1.RELEASE\spring-context-support-5.2.1.RELEASE.jar;D:\111sheji\idea2017\tools\repository\org\slf4j\slf4j-api\1.7.29\slf4j-api-1.7.29.jar;D:\111sheji\idea2017\tools\repository\io\lettuce\lettuce-core\5.2.1.RELEASE\lettuce-core-5.2.1.RELEASE.jar;D:\111sheji\idea2017\tools\repository\io\netty\netty-common\4.1.43.Final\netty-common-4.1.43.Final.jar;D:\111sheji\idea2017\tools\repository\io\netty\netty-handler\4.1.43.Final\netty-handler-4.1.43.Final.jar;D:\111sheji\idea2017\tools\repository\io\netty\netty-buffer\4.1.43.Final\netty-buffer-4.1.43.Final.jar;D:\111sheji\idea2017\tools\repository\io\netty\netty-codec\4.1.43.Final\netty-codec-4.1.43.Final.jar;D:\111sheji\idea2017\tools\repository\io\netty\netty-transport\4.1.43.Final\netty-transport-4.1.43.Final.jar;D:\111sheji\idea2017\tools\repository\io\netty\netty-resolver\4.1.43.Final\netty-resolver-4.1.43.Final.jar;D:\111sheji\idea2017\tools\repository\io\projectreactor\reactor-core\3.3.0.RELEASE\reactor-core-3.3.0.RELEASE.jar;D:\111sheji\idea2017\tools\repository\org\reactivestreams\reactive-streams\1.0.3\reactive-streams-1.0.3.jar;D:\111sheji\idea2017\tools\repository\org\mybatis\generator\mybatis-generator-maven-plugin\1.3.7\mybatis-generator-maven-plugin-1.3.7.jar;D:\111sheji\idea2017\tools\repository\org\apache\maven\maven-plugin-api\3.5.4\maven-plugin-api-3.5.4.jar;D:\111sheji\idea2017\tools\repository\org\apache\maven\maven-model\3.5.4\maven-model-3.5.4.jar;D:\111sheji\idea2017\tools\repository\org\apache\commons\commons-lang3\3.9\commons-lang3-3.9.jar;D:\111sheji\idea2017\tools\repository\org\apache\maven\maven-artifact\3.5.4\maven-artifact-3.5.4.jar;D:\111sheji\idea2017\tools\repository\org\eclipse\sisu\org.eclipse.sisu.plexus\0.3.3\org.eclipse.sisu.plexus-0.3.3.jar;D:\111sheji\idea2017\tools\repository\javax\enterprise\cdi-api\1.0\cdi-api-1.0.jar;D:\111sheji\idea2017\tools\repository\javax\annotation\jsr250-api\1.0\jsr250-api-1.0.jar;D:\111sheji\idea2017\tools\repository\javax\inject\javax.inject\1\javax.inject-1.jar;D:\111sheji\idea2017\tools\repository\org\eclipse\sisu\org.eclipse.sisu.inject\0.3.3\org.eclipse.sisu.inject-0.3.3.jar;D:\111sheji\idea2017\tools\repository\org\codehaus\plexus\plexus-component-annotations\1.5.5\plexus-component-annotations-1.5.5.jar;D:\111sheji\idea2017\tools\repository\org\codehaus\plexus\plexus-utils\3.1.0\plexus-utils-3.1.0.jar;D:\111sheji\idea2017\tools\repository\org\codehaus\plexus\plexus-classworlds\2.5.2\plexus-classworlds-2.5.2.jar;D:\111sheji\idea2017\tools\repository\org\mybatis\generator\mybatis-generator-core\1.3.7\mybatis-generator-core-1.3.7.jar;"/>
    <property name="sun.cpu.endian" value="little"/>
    <property name="user.home" value="C:\Users\asus"/>
    <property name="user.language" value="zh"/>
    <property name="java.specification.vendor" value="Oracle Corporation"/>
    <property name="java.home" value="C:\Program Files\Java\jdk1.8.0_211\jre"/>
    <property name="basedir" value="D:\asus\GitHubFile\HospitalManageSystem\server"/>
    <property name="file.separator" value="\"/>
    <property name="line.separator" value="&#10;"/>
    <property name="java.vm.specification.vendor" value="Oracle Corporation"/>
    <property name="java.specification.name" value="Java Platform API Specification"/>
    <property name="java.awt.graphicsenv" value="sun.awt.Win32GraphicsEnvironment"/>
    <property name="surefire.real.class.path" value="C:\Users\asus\AppData\Local\Temp\surefire1203938510790788150\surefirebooter8461761246991081525.jar"/>
    <property name="sun.boot.class.path" value="C:\Program Files\Java\jdk1.8.0_211\jre\lib\resources.jar;C:\Program Files\Java\jdk1.8.0_211\jre\lib\rt.jar;C:\Program Files\Java\jdk1.8.0_211\jre\lib\sunrsasign.jar;C:\Program Files\Java\jdk1.8.0_211\jre\lib\jsse.jar;C:\Program Files\Java\jdk1.8.0_211\jre\lib\jce.jar;C:\Program Files\Java\jdk1.8.0_211\jre\lib\charsets.jar;C:\Program Files\Java\jdk1.8.0_211\jre\lib\jfr.jar;C:\Program Files\Java\jdk1.8.0_211\jre\classes"/>
    <property name="user.script" value=""/>
    <property name="sun.management.compiler" value="HotSpot 64-Bit Tiered Compilers"/>
    <property name="java.runtime.version" value="1.8.0_211-b12"/>
    <property name="user.name" value="asus"/>
    <property name="path.separator" value=";"/>
    <property name="os.version" value="10.0"/>
    <property name="java.endorsed.dirs" value="C:\Program Files\Java\jdk1.8.0_211\jre\lib\endorsed"/>
    <property name="java.runtime.name" value="Java(TM) SE Runtime Environment"/>
    <property name="file.encoding" value="GBK"/>
    <property name="java.vm.name" value="Java HotSpot(TM) 64-Bit Server VM"/>
    <property name="localRepository" value="D:\111sheji\idea2017\tools\repository"/>
    <property name="java.vendor.url.bug" value="http://bugreport.sun.com/bugreport/"/>
    <property name="java.io.tmpdir" value="C:\Users\asus\AppData\Local\Temp\"/>
    <property name="idea.version" value="2020.3.4"/>
    <property name="java.version" value="1.8.0_211"/>
    <property name="user.dir" value="D:\asus\GitHubFile\HospitalManageSystem\server"/>
    <property name="os.arch" value="amd64"/>
    <property name="java.vm.specification.name" value="Java Virtual Machine Specification"/>
    <property name="java.awt.printerjob" value="sun.awt.windows.WPrinterJob"/>
    <property name="sun.os.patch.level" value=""/>
    <property name="java.library.path" value="C:\Program Files\Java\jdk1.8.0_211\jre\bin;C:\Windows\Sun\Java\bin;C:\Windows\system32;C:\Windows;C:\Python310\Scripts\;C:\Python310\;C:\Program Files (x86)\VMware\VMware Workstation\bin\;C:\Windows\system32;C:\Windows;C:\Windows\System32\Wbem;C:\Windows\System32\WindowsPowerShell\v1.0\;C:\Windows\System32\OpenSSH\;C:\Program Files\NVIDIA Corporation\NVIDIA NvDLISR;C:\Program Files\Java\jdk-12.0.2\bin;D:\Program Files\Git\cmd;D:\Program Files\Apache Software Foundation\apache-tomcat-8.5.76bin;&quot;;D:\Program Files\Apache Software Foundation\apache-tomcat-8.5.76lib&quot;;&quot;;D:\Program Files\nodejs;&quot;;D:\\Program;D:\Program Files\nodejs\;D:\Program Files\JetBrains\apache-maven-3.8.4\bin;C:\Program Files\MySQL\MySQL Server 8.0\bin;D:\Program Files\Apache Software Foundation\apache-tomcat-8.5.76\bin;C:\Program Files\dotnet\;;D:\Program Files (x86)\Tencent\微信web开发者工具\dll;C:\Users\asus\AppData\Local\Microsoft\WindowsApps;C:\Program Files\Bandizip\;C:\Users\asus\AppData\Roaming\npm;&quot;D:\Program Files\nodejs;&quot;;;D:\Users\asus\AppData\Local\Programs\Microsoft VS Code\bin;D:\Program Files\JetBrains\IntelliJ IDEA 2020.3.2\bin;;."/>
    <property name="java.vm.info" value="mixed mode"/>
    <property name="java.vendor" value="Oracle Corporation"/>
    <property name="java.vm.version" value="25.211-b12"/>
    <property name="java.ext.dirs" value="C:\Program Files\Java\jdk1.8.0_211\jre\lib\ext;C:\Windows\Sun\Java\lib\ext"/>
    <property name="sun.io.unicode.encoding" value="UnicodeLittle"/>
    <property name="maven.repo.local" value="D:\111sheji\idea2017\tools\repository"/>
    <property name="java.class.version" value="52.0"/>
  </properties>
  <testcase name="shouldAnswerWithTrue" classname="com.yjq.programmer.AppTest" time="0.001"/>
</testsuite>